0 info it worked if it ends with ok
1 verbose cli [ '/usr/local/Cellar/node/5.7.0/bin/node',
1 verbose cli   '/usr/local/bin/npm',
1 verbose cli   'start' ]
2 info using npm@3.6.0
3 info using node@v5.7.0
4 verbose run-script [ 'prestart', 'start', 'poststart' ]
5 info lifecycle perk-docs@~prestart: perk-docs@
6 silly lifecycle perk-docs@~prestart: no script for prestart, continuing
7 info lifecycle perk-docs@~start: perk-docs@
8 verbose lifecycle perk-docs@~start: unsafe-perm in lifecycle true
9 verbose lifecycle perk-docs@~start: PATH: /usr/local/lib/node_modules/npm/bin/node-gyp-bin:/Users/alarner/projects/perk/perk-docs/node_modules/.bin:/usr/local/bin:/usr/bin:/bin:/usr/sbin:/sbin
10 verbose lifecycle perk-docs@~start: CWD: /Users/alarner/projects/perk/perk-docs
11 silly lifecycle perk-docs@~start: Args: [ '-c', 'node index.js' ]
12 silly lifecycle perk-docs@~start: Returned: code: 1  signal: null
13 info lifecycle perk-docs@~start: Failed to exec start script
14 verbose stack Error: perk-docs@ start: `node index.js`
14 verbose stack Exit status 1
14 verbose stack     at EventEmitter.<anonymous> (/usr/local/lib/node_modules/npm/lib/utils/lifecycle.js:232:16)
14 verbose stack     at emitTwo (events.js:100:13)
14 verbose stack     at EventEmitter.emit (events.js:185:7)
14 verbose stack     at ChildProcess.<anonymous> (/usr/local/lib/node_modules/npm/lib/utils/spawn.js:24:14)
14 verbose stack     at emitTwo (events.js:100:13)
14 verbose stack     at ChildProcess.emit (events.js:185:7)
14 verbose stack     at maybeClose (internal/child_process.js:827:16)
14 verbose stack     at Process.ChildProcess._handle.onexit (internal/child_process.js:211:5)
15 verbose pkgid perk-docs@
16 verbose cwd /Users/alarner/projects/perk/perk-docs
17 error Darwin 15.3.0
18 error argv "/usr/local/Cellar/node/5.7.0/bin/node" "/usr/local/bin/npm" "start"
19 error node v5.7.0
20 error npm  v3.6.0
21 error code ELIFECYCLE
22 error perk-docs@ start: `node index.js`
22 error Exit status 1
23 error Failed at the perk-docs@ start script 'node index.js'.
23 error Make sure you have the latest version of node.js and npm installed.
23 error If you do, this is most likely a problem with the perk-docs package,
23 error not with npm itself.
23 error Tell the author that this fails on your system:
23 error     node index.js
23 error You can get information on how to open an issue for this project with:
23 error     npm bugs perk-docs
23 error Or if that isn't available, you can get their info via:
23 error     npm owner ls perk-docs
23 error There is likely additional logging output above.
24 verbose exit [ 1, true ]
